<?xml version="1.0" encoding="UTF-8"?>
<!-- Generated by org.testng.reporters.JUnitReportReporter -->
<testsuite skipped="0" hostname="ToothLess" name="com.api.tests.APITest" tests="1" failures="0" timestamp="04 May 2019 08:21:25 GMT" time="4.169" errors="0">
  <testcase name="Post" time="4.169" classname="com.api.tests.APITest"/>
</testsuite> <!-- com.api.tests.APITest -->
